<?xml version="1.0" encoding="UTF-8"?>
<!-- Generated by org.testng.reporters.JUnitXMLReporter -->
<testsuite ignored="0" hostname="LAPTOP-3BL16AQ1" failures="0" tests="3" name="Default test" time="16.037" errors="0" timestamp="2022-11-16T20:29:01 IST">
  <testcase classname="ExtentReports.ExtentReportExample" name="loginToOrangeHRM" time="3.56"/>
  <testcase classname="ExtentReports.ExtentReportExample" name="clickPaulsam" time="0.656"/>
  <testcase classname="ExtentReports.ExtentReportExample" name="clickLogout" time="1.546"/>
</testsuite> <!-- Default test -->
